[0.000000] (-) TimerEvent: {}
[0.002092] (custom_action_interfaces) JobQueued: {'identifier': 'custom_action_interfaces', 'dependencies': OrderedDict()}
[0.003097] (custom_action_interfaces) JobStarted: {'identifier': 'custom_action_interfaces'}
[0.018012] (custom_action_interfaces) JobProgress: {'identifier': 'custom_action_interfaces', 'progress': 'cmake'}
[0.023571] (custom_action_interfaces) Command: {'cmd': ['/usr/bin/cmake', '/home/silver/ros2_pmi_tutorials/Intermidiate/ros2_ws/src/custom_action_interfaces', '-DCMAKE_INSTALL_PREFIX=/home/silver/ros2_pmi_tutorials/Intermidiate/ros2_ws/install/custom_action_interfaces'], 'cwd': '/home/silver/ros2_pmi_tutorials/Intermidiate/ros2_ws/build/custom_action_interfaces', 'env': OrderedDict([('LESSOPEN', '| /usr/bin/lesspipe %s'), ('CONDA_PROMPT_MODIFIER', 'false'), ('USER', 'silver'), ('SSH_CLIENT', '127.0.0.1 40596 22005'), ('SHLVL', '1'), ('LD_LIBRARY_PATH', '/opt/ros/rolling/opt/rviz_ogre_vendor/lib:/opt/ros/rolling/lib/x86_64-linux-gnu:/opt/ros/rolling/lib'), ('POWERLINE_COMMAND', 'oh-my-posh'), ('HOME', '/home/silver'), ('OLDPWD', '/home/silver/ros2_pmi_tutorials/Intermidiate/ros2_ws/src'), ('SSH_TTY', '/dev/pts/3'), ('ROS_PYTHON_VERSION', '3'), ('HOMEBREW_PREFIX', '/home/linuxbrew/.linuxbrew'), ('DBUS_SESSION_BUS_ADDRESS', 'unix:path=/run/user/1000/bus'), ('WSL_DISTRO_NAME', 'Ubuntu-22.04'), ('WAYLAND_DISPLAY', 'wayland-0'), ('INFOPATH', '/home/linuxbrew/.linuxbrew/share/info:'), ('ROS_DISTRO', 'rolling'), ('LOGNAME', 'silver'), ('NAME', 'WIN-7CGD2SD3AAP'), ('WSL_INTEROP', '/run/WSL/11641_interop'), ('POSH_SESSION_ID', '3e2d028e-95b2-4362-8297-bdeccca1116a'), ('PULSE_SERVER', 'unix:/mnt/wslg/PulseServer'), ('_', '/usr/bin/colcon'), ('ROS_VERSION', '2'), ('TERM', 'xterm-256color'), ('LIBGL_ALWAYS_INDIRECT', '1'), ('POSH_SHELL_VERSION', '5.1.16(1)-release'), ('PATH', '/home/linuxbrew/.linuxbrew/bin:/home/linuxbrew/.linuxbrew/sbin:/home/silver/.local/bin:/opt/ros/rolling/bin:/usr/local/sbin:/usr/local/bin:/usr/sbin:/usr/bin:/sbin:/bin:/usr/games:/usr/local/games:/usr/lib/wsl/lib:/mnt/c/Program Files/WindowsApps/MicrosoftCorporationII.WindowsSubsystemForLinux_2.3.26.0_x64__8wekyb3d8bbwe:/mnt/c/Users/user/AppData/Local/Temp/Mxt242/bin:/mnt/c/Windows/:/mnt/c/Windows/system32/:/mnt/c/Program Files (x86)/VMware/VMware Player/bin/:/mnt/c/Program Files/Common Files/Oracle/Java/javapath:/mnt/c/Program Files (x86)/Common Files/Oracle/Java/java8path:/mnt/c/Windows/system32:/mnt/c/Windows:/mnt/c/Windows/System32/Wbem:/mnt/c/Windows/System32/WindowsPowerShell/v1.0/:/mnt/c/Program Files/Git/cmd:/mnt/c/Program Files (x86)/Windows Kits/10/Windows Performance Toolkit/:/mnt/c/ProgramData/chocolatey/bin:/mnt/c/Program Files/CMake/bin:/mnt/c/ProgramData/chocolatey/lib/log4cxx/lib:/mnt/c/ProgramData/chocolatey/lib/tinyxml2/lib:/mnt/c/Users/user/AppData/Local/Programs/Python/Python312/Scripts/:/mnt/c/Users/user/AppData/Local/Programs/Python/Python312/:/mnt/c/Users/user/AppData/Local/Programs/Python/Launcher/:/mnt/c/Users/user/AppData/Local/Microsoft/WindowsApps:/mnt/c/Users/user/AppData/Local/JetBrains/Toolbox/scripts:/mnt/c/Program Files (x86)/Nmap:/mnt/c/Users/user/AppData/Local/Programs/Microsoft VS Code/bin:/mnt/c/Users/user/AppData/Roaming/Programs/Zero Install:/mnt/c/Program Files/Docker/Docker/resources/bin:/mnt/c/Program Files/WireGuard/:/mnt/c/Program Files (x86)/ZeroTier/One/:/mnt/c/Program Files/nodejs/:/mnt/c/Users/user/AppData/Local/Programs/oh-my-posh/bin:/mnt/c/Users/user/AppData/Roaming/npm:/mnt/c/Windows/sysnative/:/snap/bin'), ('HOMEBREW_CELLAR', '/home/linuxbrew/.linuxbrew/Cellar'), ('XDG_RUNTIME_DIR', '/run/user/1000/'), ('DISPLAY', 'localhost:10.0'), ('LANG', 'C.UTF-8'), ('LS_COLORS', 'rs=0:di=01;34:ln=01;36:mh=00:pi=40;33:so=01;35:do=01;35:bd=40;33;01:cd=40;33;01:or=40;31;01:mi=00:su=37;41:sg=30;43:ca=30;41:tw=30;42:ow=34;42:st=37;44:ex=01;32:*.tar=01;31:*.tgz=01;31:*.arc=01;31:*.arj=01;31:*.taz=01;31:*.lha=01;31:*.lz4=01;31:*.lzh=01;31:*.lzma=01;31:*.tlz=01;31:*.txz=01;31:*.tzo=01;31:*.t7z=01;31:*.zip=01;31:*.z=01;31:*.dz=01;31:*.gz=01;31:*.lrz=01;31:*.lz=01;31:*.lzo=01;31:*.xz=01;31:*.zst=01;31:*.tzst=01;31:*.bz2=01;31:*.bz=01;31:*.tbz=01;31:*.tbz2=01;31:*.tz=01;31:*.deb=01;31:*.rpm=01;31:*.jar=01;31:*.war=01;31:*.ear=01;31:*.sar=01;31:*.rar=01;31:*.alz=01;31:*.ace=01;31:*.zoo=01;31:*.cpio=01;31:*.7z=01;31:*.rz=01;31:*.cab=01;31:*.wim=01;31:*.swm=01;31:*.dwm=01;31:*.esd=01;31:*.jpg=01;35:*.jpeg=01;35:*.mjpg=01;35:*.mjpeg=01;35:*.gif=01;35:*.bmp=01;35:*.pbm=01;35:*.pgm=01;35:*.ppm=01;35:*.tga=01;35:*.xbm=01;35:*.xpm=01;35:*.tif=01;35:*.tiff=01;35:*.png=01;35:*.svg=01;35:*.svgz=01;35:*.mng=01;35:*.pcx=01;35:*.mov=01;35:*.mpg=01;35:*.mpeg=01;35:*.m2v=01;35:*.mkv=01;35:*.webm=01;35:*.webp=01;35:*.ogm=01;35:*.mp4=01;35:*.m4v=01;35:*.mp4v=01;35:*.vob=01;35:*.qt=01;35:*.nuv=01;35:*.wmv=01;35:*.asf=01;35:*.rm=01;35:*.rmvb=01;35:*.flc=01;35:*.avi=01;35:*.fli=01;35:*.flv=01;35:*.gl=01;35:*.dl=01;35:*.xcf=01;35:*.xwd=01;35:*.yuv=01;35:*.cgm=01;35:*.emf=01;35:*.ogv=01;35:*.ogx=01;35:*.aac=00;36:*.au=00;36:*.flac=00;36:*.m4a=00;36:*.mid=00;36:*.midi=00;36:*.mka=00;36:*.mp3=00;36:*.mpc=00;36:*.ogg=00;36:*.ra=00;36:*.wav=00;36:*.oga=00;36:*.opus=00;36:*.spx=00;36:*.xspf=00;36:'), ('ROS_DOMAIN_ID', '1'), ('AMENT_PREFIX_PATH', '/opt/ros/rolling'), ('SHELL', '/bin/bash'), ('LESSCLOSE', '/usr/bin/lesspipe %s %s'), ('OSTYPE', 'linux-gnu'), ('ROS_AUTOMATIC_DISCOVERY_RANGE', 'SUBNET'), ('POSH_THEME', '/home/silver/atomic.omp.json'), ('PWD', '/home/silver/ros2_pmi_tutorials/Intermidiate/ros2_ws/build/custom_action_interfaces'), ('SSH_CONNECTION', '127.0.0.1 40596 127.0.0.1 22005'), ('XDG_DATA_DIRS', '/home/linuxbrew/.linuxbrew/share:/usr/local/share:/usr/share:/var/lib/snapd/desktop'), ('PYTHONPATH', '/opt/ros/rolling/lib/python3.10/site-packages'), ('HOMEBREW_REPOSITORY', '/home/linuxbrew/.linuxbrew/Homebrew'), ('COLCON', '1'), ('WSL2_GUI_APPS_ENABLED', '1'), ('HOSTTYPE', 'x86_64'), ('WSLENV', '')]), 'shell': False}
[0.098988] (-) TimerEvent: {}
[0.199593] (-) TimerEvent: {}
[0.300260] (-) TimerEvent: {}
[0.401210] (-) TimerEvent: {}
[0.502058] (-) TimerEvent: {}
[0.565609] (custom_action_interfaces) StdoutLine: {'line': b'-- The C compiler identification is GNU 11.4.0\n'}
[0.602258] (-) TimerEvent: {}
[0.702893] (-) TimerEvent: {}
[0.803681] (-) TimerEvent: {}
[0.904662] (-) TimerEvent: {}
[1.005502] (-) TimerEvent: {}
[1.106334] (-) TimerEvent: {}
[1.207074] (-) TimerEvent: {}
[1.307767] (-) TimerEvent: {}
[1.408515] (-) TimerEvent: {}
[1.509177] (-) TimerEvent: {}
[1.609937] (-) TimerEvent: {}
[1.710640] (-) TimerEvent: {}
[1.789155] (custom_action_interfaces) StdoutLine: {'line': b'-- The CXX compiler identification is GNU 11.4.0\n'}
[1.810860] (-) TimerEvent: {}
[1.911670] (-) TimerEvent: {}
[2.012337] (-) TimerEvent: {}
[2.112991] (-) TimerEvent: {}
[2.213852] (-) TimerEvent: {}
[2.314635] (-) TimerEvent: {}
[2.415355] (-) TimerEvent: {}
[2.516058] (-) TimerEvent: {}
[2.617107] (-) TimerEvent: {}
[2.717933] (-) TimerEvent: {}
[2.747965] (custom_action_interfaces) StdoutLine: {'line': b'-- Detecting C compiler ABI info\n'}
[2.818095] (-) TimerEvent: {}
[2.919060] (-) TimerEvent: {}
[3.019746] (-) TimerEvent: {}
[3.120503] (-) TimerEvent: {}
[3.194090] (custom_action_interfaces) StdoutLine: {'line': b'-- Detecting C compiler ABI info - done\n'}
[3.204570] (custom_action_interfaces) StdoutLine: {'line': b'-- Check for working C compiler: /usr/bin/cc - skipped\n'}
[3.207680] (custom_action_interfaces) StdoutLine: {'line': b'-- Detecting C compile features\n'}
[3.220723] (-) TimerEvent: {}
[3.227750] (custom_action_interfaces) StdoutLine: {'line': b'-- Detecting C compile features - done\n'}
[3.268602] (custom_action_interfaces) StdoutLine: {'line': b'-- Detecting CXX compiler ABI info\n'}
[3.320937] (-) TimerEvent: {}
[3.421692] (-) TimerEvent: {}
[3.522408] (-) TimerEvent: {}
[3.623093] (-) TimerEvent: {}
[3.712055] (custom_action_interfaces) StdoutLine: {'line': b'-- Detecting CXX compiler ABI info - done\n'}
[3.723214] (custom_action_interfaces) StdoutLine: {'line': b'-- Check for working CXX compiler: /usr/bin/c++ - skipped\n'}
[3.723843] (-) TimerEvent: {}
[3.724021] (custom_action_interfaces) StdoutLine: {'line': b'-- Detecting CXX compile features\n'}
[3.724419] (custom_action_interfaces) StdoutLine: {'line': b'-- Detecting CXX compile features - done\n'}
[3.738878] (custom_action_interfaces) StdoutLine: {'line': b'-- Found ament_cmake: 2.3.2 (/opt/ros/rolling/share/ament_cmake/cmake)\n'}
[3.824134] (-) TimerEvent: {}
[3.924807] (-) TimerEvent: {}
[4.025977] (-) TimerEvent: {}
[4.084879] (custom_action_interfaces) StdoutLine: {'line': b'-- Found Python3: /usr/bin/python3.10 (found version "3.10.12") found components: Interpreter \n'}
[4.126104] (-) TimerEvent: {}
[4.226838] (-) TimerEvent: {}
[4.327803] (-) TimerEvent: {}
[4.351857] (custom_action_interfaces) StdoutLine: {'line': b'-- Found ament_lint_auto: 0.16.3 (/opt/ros/rolling/share/ament_lint_auto/cmake)\n'}
[4.427903] (-) TimerEvent: {}
[4.456213] (custom_action_interfaces) StderrLine: {'line': b"Error parsing '/home/silver/ros2_pmi_tutorials/Intermidiate/ros2_ws/src/custom_action_interfaces/package.xml':\n"}
[4.528062] (-) TimerEvent: {}
[4.566944] (custom_action_interfaces) StderrLine: {'line': b'Traceback (most recent call last):\n'}
[4.567326] (custom_action_interfaces) StderrLine: {'line': b'  File "/usr/lib/python3/dist-packages/catkin_pkg/package.py", line 610, in parse_package_string\n'}
[4.568421] (custom_action_interfaces) StderrLine: {'line': b'    root = dom.parseString(data)\n'}
[4.568773] (custom_action_interfaces) StderrLine: {'line': b'  File "/usr/lib/python3.10/xml/dom/minidom.py", line 2000, in parseString\n'}
[4.570056] (custom_action_interfaces) StderrLine: {'line': b'    return expatbuilder.parseString(string)\n'}
[4.570456] (custom_action_interfaces) StderrLine: {'line': b'  File "/usr/lib/python3.10/xml/dom/expatbuilder.py", line 925, in parseString\n'}
[4.571902] (custom_action_interfaces) StderrLine: {'line': b'    return builder.parseString(string)\n'}
[4.572681] (custom_action_interfaces) StderrLine: {'line': b'  File "/usr/lib/python3.10/xml/dom/expatbuilder.py", line 223, in parseString\n'}
[4.572803] (custom_action_interfaces) StderrLine: {'line': b'    parser.Parse(string, True)\n'}
[4.572893] (custom_action_interfaces) StderrLine: {'line': b'xml.parsers.expat.ExpatError: junk after document element: line 20, column 0\n'}
[4.572979] (custom_action_interfaces) StderrLine: {'line': b'\n'}
[4.573063] (custom_action_interfaces) StderrLine: {'line': b'During handling of the above exception, another exception occurred:\n'}
[4.573151] (custom_action_interfaces) StderrLine: {'line': b'\n'}
[4.573240] (custom_action_interfaces) StderrLine: {'line': b'Traceback (most recent call last):\n'}
[4.573326] (custom_action_interfaces) StderrLine: {'line': b'  File "/opt/ros/rolling/share/ament_cmake_core/cmake/core/package_xml_2_cmake.py", line 150, in <module>\n'}
[4.573415] (custom_action_interfaces) StderrLine: {'line': b'    main()\n'}
[4.573503] (custom_action_interfaces) StderrLine: {'line': b'  File "/opt/ros/rolling/share/ament_cmake_core/cmake/core/package_xml_2_cmake.py", line 53, in main\n'}
[4.573589] (custom_action_interfaces) StderrLine: {'line': b'    raise e\n'}
[4.573674] (custom_action_interfaces) StderrLine: {'line': b'  File "/opt/ros/rolling/share/ament_cmake_core/cmake/core/package_xml_2_cmake.py", line 49, in main\n'}
[4.573764] (custom_action_interfaces) StderrLine: {'line': b'    package = parse_package_string(\n'}
[4.573852] (custom_action_interfaces) StderrLine: {'line': b'  File "/usr/lib/python3/dist-packages/catkin_pkg/package.py", line 612, in parse_package_string\n'}
[4.573943] (custom_action_interfaces) StderrLine: {'line': b"    raise InvalidPackage('The manifest contains invalid XML:\\n%s' % ex, filename)\n"}
[4.574032] (custom_action_interfaces) StderrLine: {'line': b"catkin_pkg.package.InvalidPackage: Error(s) in package '/home/silver/ros2_pmi_tutorials/Intermidiate/ros2_ws/src/custom_action_interfaces/package.xml':\n"}
[4.574123] (custom_action_interfaces) StderrLine: {'line': b'The manifest contains invalid XML:\n'}
[4.574209] (custom_action_interfaces) StderrLine: {'line': b'junk after document element: line 20, column 0\n'}
[4.628417] (-) TimerEvent: {}
[4.638367] (custom_action_interfaces) StderrLine: {'line': b'\x1b[31mCMake Error at /opt/ros/rolling/share/ament_cmake_core/cmake/core/ament_package_xml.cmake:95 (message):\n'}
[4.638889] (custom_action_interfaces) StderrLine: {'line': b'  execute_process(/usr/bin/python3.10\n'}
[4.638973] (custom_action_interfaces) StderrLine: {'line': b'  /opt/ros/rolling/share/ament_cmake_core/cmake/core/package_xml_2_cmake.py\n'}
[4.639040] (custom_action_interfaces) StderrLine: {'line': b'  /home/silver/ros2_pmi_tutorials/Intermidiate/ros2_ws/src/custom_action_interfaces/package.xml\n'}
[4.639098] (custom_action_interfaces) StderrLine: {'line': b'  /home/silver/ros2_pmi_tutorials/Intermidiate/ros2_ws/build/custom_action_interfaces/ament_cmake_core/package.cmake)\n'}
[4.639157] (custom_action_interfaces) StderrLine: {'line': b'  returned error code 1\n'}
[4.639215] (custom_action_interfaces) StderrLine: {'line': b'Call Stack (most recent call first):\n'}
[4.639273] (custom_action_interfaces) StderrLine: {'line': b'  /opt/ros/rolling/share/ament_cmake_core/cmake/core/ament_package_xml.cmake:49 (_ament_package_xml)\n'}
[4.639329] (custom_action_interfaces) StderrLine: {'line': b'  /opt/ros/rolling/share/ament_lint_auto/cmake/ament_lint_auto_find_test_dependencies.cmake:31 (ament_package_xml)\n'}
[4.639405] (custom_action_interfaces) StderrLine: {'line': b'  CMakeLists.txt:23 (ament_lint_auto_find_test_dependencies)\n'}
[4.639470] (custom_action_interfaces) StderrLine: {'line': b'\n'}
[4.639527] (custom_action_interfaces) StderrLine: {'line': b'\x1b[0m\n'}
[4.639583] (custom_action_interfaces) StdoutLine: {'line': b'-- Configuring incomplete, errors occurred!\n'}
[4.639655] (custom_action_interfaces) StdoutLine: {'line': b'See also "/home/silver/ros2_pmi_tutorials/Intermidiate/ros2_ws/build/custom_action_interfaces/CMakeFiles/CMakeOutput.log".\n'}
[4.650214] (custom_action_interfaces) CommandEnded: {'returncode': 1}
[4.652096] (custom_action_interfaces) JobEnded: {'identifier': 'custom_action_interfaces', 'rc': 1}
[4.664161] (-) EventReactorShutdown: {}
